<?xml version="1.0" encoding="UTF-8"?>
<!-- Generated by org.testng.reporters.JUnitReportReporter -->
<testsuite hostname="LAPTOP-4MO39718" name="WebElements.CheckingElements" tests="3" failures="0" timestamp="2 Mar 2019 07:41:49 GMT" time="44.021" errors="0">
  <testcase name="TC_03_Excercise" time="33.772" classname="WebElements.CheckingElements"/>
  <testcase name="TC_01_Exercise" time="3.950" classname="WebElements.CheckingElements"/>
  <testcase name="TC_02_Exercise" time="6.299" classname="WebElements.CheckingElements"/>
</testsuite> <!-- WebElements.CheckingElements -->
